#
# There is insufficient memory for the Java Runtime Environment to continue.
# Native memory allocation (malloc) failed to allocate 1047216 bytes for Chunk::new
# Possible reasons:
#   The system is out of physical RAM or swap space
#   In 32 bit mode, the process size limit was hit
# Possible solutions:
#   Reduce memory load on the system
#   Increase physical memory or swap space
#   Check if swap backing store is full
#   Use 64 bit Java on a 64 bit OS
#   Decrease Java heap size (-Xmx/-Xms)
#   Decrease number of Java threads
#   Decrease Java thread stack sizes (-Xss)
#   Set larger code cache with -XX:ReservedCodeCacheSize=
# This output file may be truncated or incomplete.
#
#  Out of Memory Error (allocation.cpp:390), pid=7884, tid=0x000000000000208c
#
# JRE version: OpenJDK Runtime Environment (8.0_76-b03) (build 1.8.0_76-release-b03)
# Java VM: OpenJDK 64-Bit Server VM (25.76-b03 mixed mode windows-amd64 compressed oops)
# Failed to write core dump. Minidumps are not enabled by default on client versions of Windows
#

---------------  T H R E A D  ---------------

Current thread (0x0000000016283000):  JavaThread "C2 CompilerThread1" daemon [_thread_in_native, id=8332, stack(0x00000000179e0000,0x0000000017ae0000)]

Stack: [0x00000000179e0000,0x0000000017ae0000]
[error occurred during error reporting (printing stack bounds), id 0xc0000005]

Native frames: (J=compiled Java code, j=interpreted, Vv=VM code, C=native code)


Current CompileTask:
C2:  49019 14065       4       com.android.dx.ssa.SsaMethod::forEachBlockDepthFirstDom (128 bytes)


---------------  P R O C E S S  ---------------

Java Threads: ( => current thread )
  0x00000000187e9800 JavaThread "pool-47-thread-4" [_thread_blocked, id=11240, stack(0x000000002bdb0000,0x000000002beb0000)]
  0x00000000187ef800 JavaThread "pool-47-thread-3" [_thread_blocked, id=2596, stack(0x000000002bcb0000,0x000000002bdb0000)]
  0x00000000187ec800 JavaThread "pool-47-thread-2" [_thread_blocked, id=8688, stack(0x000000002bbb0000,0x000000002bcb0000)]
  0x00000000187e7800 JavaThread "pool-48-thread-1" [_thread_blocked, id=10968, stack(0x000000002bab0000,0x000000002bbb0000)]
  0x00000000187ee000 JavaThread "pool-47-thread-1" [_thread_blocked, id=12760, stack(0x000000002b9b0000,0x000000002bab0000)]
  0x00000000187ef000 JavaThread "pool-44-thread-3" [_thread_in_Java, id=10960, stack(0x000000002b6b0000,0x000000002b7b0000)]
  0x00000000187ec000 JavaThread "pool-45-thread-1" [_thread_blocked, id=9316, stack(0x000000002b4b0000,0x000000002b5b0000)]
  0x00000000187e6800 JavaThread "pool-9-thread-4" [_thread_in_native, id=6676, stack(0x00000000276b0000,0x00000000277b0000)]
  0x00000000187ed800 JavaThread "pool-9-thread-2" [_thread_blocked, id=1232, stack(0x00000000275b0000,0x00000000276b0000)]
  0x00000000187eb000 JavaThread "pool-9-thread-3" [_thread_blocked, id=5488, stack(0x00000000274b0000,0x00000000275b0000)]
  0x00000000187ea800 JavaThread "pool-9-thread-1" [_thread_in_Java, id=2580, stack(0x00000000273b0000,0x00000000274b0000)]
  0x000000001980e800 JavaThread "pool-3-thread-4" [_thread_blocked, id=11332, stack(0x0000000022450000,0x0000000022550000)]
  0x0000000019815000 JavaThread "pool-3-thread-3" [_thread_blocked, id=12964, stack(0x0000000020af0000,0x0000000020bf0000)]
  0x0000000019813800 JavaThread "pool-3-thread-2" [_thread_blocked, id=9380, stack(0x000000001eb90000,0x000000001ec90000)]
  0x0000000019810000 JavaThread "pool-3-thread-1" [_thread_in_native, id=12988, stack(0x000000001e880000,0x000000001e980000)]
  0x000000001c0fe000 JavaThread "File lock request listener" [_thread_in_native, id=3188, stack(0x000000001d500000,0x000000001d600000)]
  0x000000001900a800 JavaThread "Stdin handler" [_thread_blocked, id=2516, stack(0x000000001aa60000,0x000000001ab60000)]
  0x0000000019009000 JavaThread "Asynchronous log dispatcher for org.gradle.launcher.daemon.server.DefaultDaemonConnection@185ecc9c" [_thread_blocked, id=12928, stack(0x000000001a960000,0x000000001aa60000)]
  0x0000000019006000 JavaThread "Daemon worker" [_thread_blocked, id=5556, stack(0x000000001a860000,0x000000001a960000)]
  0x0000000019001000 JavaThread "Cancel handler" [_thread_blocked, id=6044, stack(0x000000001a760000,0x000000001a860000)]
  0x00000000191d1800 JavaThread "Handler for socket connection from /127.0.0.1:51409 to /127.0.0.1:51410" [_thread_in_native, id=10376, stack(0x000000001a660000,0x000000001a760000)]
  0x00000000191ce800 JavaThread "Daemon" [_thread_blocked, id=7960, stack(0x000000001a560000,0x000000001a660000)]
  0x0000000018f5e800 JavaThread "pool-1-thread-1" [_thread_blocked, id=7052, stack(0x000000001a460000,0x000000001a560000)]
  0x0000000018e60800 JavaThread "Incoming local TCP Connector on port 51409" [_thread_in_native, id=11188, stack(0x00000000189e0000,0x0000000018ae0000)]
  0x0000000017bf8800 JavaThread "Service Thread" daemon [_thread_blocked, id=1852, stack(0x0000000017fe0000,0x00000000180e0000)]
  0x0000000016286800 JavaThread "C1 CompilerThread2" daemon [_thread_in_native, id=5544, stack(0x0000000017ae0000,0x0000000017be0000)]
=>0x0000000016283000 JavaThread "C2 CompilerThread1" daemon [_thread_in_native, id=8332, stack(0x00000000179e0000,0x0000000017ae0000)]
  0x0000000016281000 JavaThread "C2 CompilerThread0" daemon [_thread_in_native, id=7120, stack(0x00000000178e0000,0x00000000179e0000)]
  0x000000001627c000 JavaThread "Attach Listener" daemon [_thread_blocked, id=6648, stack(0x00000000177e0000,0x00000000178e0000)]
  0x000000001627b000 JavaThread "Signal Dispatcher" daemon [_thread_blocked, id=8352, stack(0x00000000176e0000,0x00000000177e0000)]
  0x0000000016268800 JavaThread "Finalizer" daemon [_thread_blocked, id=9744, stack(0x00000000174f0000,0x00000000175f0000)]
  0x0000000002901000 JavaThread "Reference Handler" daemon [_thread_blocked, id=2668, stack(0x00000000173f0000,0x00000000174f0000)]
  0x000000000270d800 JavaThread "main" [_thread_blocked, id=10100, stack(0x0000000002710000,0x0000000002810000)]

Other Threads:
  0x0000000016246000 VMThread [stack: 0x00000000172f0000,0x00000000173f0000] [id=1268]
  0x0000000017c01000 WatcherThread [stack: 0x00000000180e0000,0x00000000181e0000] [id=4536]

VM state:not at safepoint (normal execution)

VM Mutex/Monitor currently owned by a thread: None

Heap:
 PSYoungGen      total 433664K, used 312779K [0x00000000e0000000, 0x0000000100000000, 0x0000000100000000)
  eden space 402432K, 77% used [0x00000000e0000000,0x00000000f3172d78,0x00000000f8900000)
  from space 31232K, 0% used [0x00000000fca00000,0x00000000fca00000,0x00000000fe880000)
  to   space 60928K, 0% used [0x00000000f8900000,0x00000000f8900000,0x00000000fc480000)
 ParOldGen       total 171008K, used 93596K [0x00000000a0000000, 0x00000000aa700000, 0x00000000e0000000)
  object space 171008K, 54% used [0x00000000a0000000,0x00000000a5b670d8,0x00000000aa700000)
 Metaspace       used 63781K, capacity 65504K, committed 65840K, reserved 1105920K
  class space    used 8073K, capacity 8422K, committed 8496K, reserved 1048576K

Card table byte_map: [0x0000000011cd0000,0x0000000011fe0000] byte_map_base: 0x00000000117d0000

Marking Bits: (ParMarkBitMap*) 0x000000005a479d00
 Begin Bits: [0x00000000125e0000, 0x0000000013de0000)
 End Bits:   [0x0000000013de0000, 0x00000000155e0000)

Polling page: 0x0000000002660000

CodeCache: size=245760Kb used=37358Kb max_used=38002Kb free=208401Kb
 bounds [0x0000000002910000, 0x0000000004e80000, 0x0000000011910000]
 total_blobs=11950 nmethods=11207 adapters=655
 compilation: enabled

Compilation events (10 events):
Event: 48.888 Thread 0x0000000016286800 nmethod 14322 0x0000000002abb850 code [0x0000000002abbac0, 0x0000000002abc428]
Event: 48.888 Thread 0x0000000016286800 14324       2       com.android.ide.common.xml.XmlPrettyPrinter::printCloseElementTag (110 bytes)
Event: 48.889 Thread 0x0000000016286800 nmethod 14324 0x00000000049b7fd0 code [0x00000000049b8200, 0x00000000049b87f8]
Event: 48.895 Thread 0x0000000016286800 14325   !   3       com.android.dx.cf.direct.MemberListParser::parse (641 bytes)
Event: 48.904 Thread 0x0000000016286800 nmethod 14325 0x0000000004957dd0 code [0x00000000049589a0, 0x00000000049614b8]
Event: 48.904 Thread 0x0000000016286800 14326       3       com.android.dx.ssa.DeadCodeRemover::run (194 bytes)
Event: 48.906 Thread 0x0000000016286800 nmethod 14326 0x0000000004b01590 code [0x0000000004b018c0, 0x0000000004b03308]
Event: 48.953 Thread 0x0000000016286800 14327       2       com.android.dx.cf.code.LocalVariableList::itemToLocal (47 bytes)
Event: 48.954 Thread 0x0000000016286800 nmethod 14327 0x0000000002b85390 code [0x0000000002b85520, 0x0000000002b857b8]
Event: 49.008 Thread 0x0000000016286800 14328 % !   3       com.android.dx.cf.code.RopperMachine::run @ 247 (1550 bytes)

GC Heap History (10 events):
Event: 38.019 GC heap before
{Heap before GC invocations=20 (full 3):
 PSYoungGen      total 364544K, used 355770K [0x00000000e0000000, 0x00000000f8600000, 0x0000000100000000)
  eden space 334848K, 99% used [0x00000000e0000000,0x00000000f466cba0,0x00000000f4700000)
  from space 29696K, 72% used [0x00000000f6500000,0x00000000f7a01df8,0x00000000f8200000)
  to   space 30720K, 0% used [0x00000000f4700000,0x00000000f4700000,0x00000000f6500000)
 ParOldGen       total 171008K, used 57771K [0x00000000a0000000, 0x00000000aa700000, 0x00000000e0000000)
  object space 171008K, 33% used [0x00000000a0000000,0x00000000a386aef0,0x00000000aa700000)
 Metaspace       used 59031K, capacity 60656K, committed 60952K, reserved 1101824K
  class space    used 7664K, capacity 8038K, committed 8112K, reserved 1048576K
Event: 38.043 GC heap after
Heap after GC invocations=20 (full 3):
 PSYoungGen      total 365568K, used 19807K [0x00000000e0000000, 0x00000000fe880000, 0x0000000100000000)
  eden space 334848K, 0% used [0x00000000e0000000,0x00000000e0000000,0x00000000f4700000)
  from space 30720K, 64% used [0x00000000f4700000,0x00000000f5a57e88,0x00000000f6500000)
  to   space 31232K, 0% used [0x00000000fca00000,0x00000000fca00000,0x00000000fe880000)
 ParOldGen       total 171008K, used 57779K [0x00000000a0000000, 0x00000000aa700000, 0x00000000e0000000)
  object space 171008K, 33% used [0x00000000a0000000,0x00000000a386cef0,0x00000000aa700000)
 Metaspace       used 59031K, capacity 60656K, committed 60952K, reserved 1101824K
  class space    used 7664K, capacity 8038K, committed 8112K, reserved 1048576K
}
Event: 42.920 GC heap before
{Heap before GC invocations=21 (full 3):
 PSYoungGen      total 365568K, used 354655K [0x00000000e0000000, 0x00000000fe880000, 0x0000000100000000)
  eden space 334848K, 100% used [0x00000000e0000000,0x00000000f4700000,0x00000000f4700000)
  from space 30720K, 64% used [0x00000000f4700000,0x00000000f5a57e88,0x00000000f6500000)
  to   space 31232K, 0% used [0x00000000fca00000,0x00000000fca00000,0x00000000fe880000)
 ParOldGen       total 171008K, used 57779K [0x00000000a0000000, 0x00000000aa700000, 0x00000000e0000000)
  object space 171008K, 33% used [0x00000000a0000000,0x00000000a386cef0,0x00000000aa700000)
 Metaspace       used 63368K, capacity 65078K, committed 65328K, reserved 1105920K
  class space    used 8069K, capacity 8425K, committed 8496K, reserved 1048576K
Event: 42.988 GC heap after
Heap after GC invocations=21 (full 3):
 PSYoungGen      total 366080K, used 31202K [0x00000000e0000000, 0x00000000fe880000, 0x0000000100000000)
  eden space 334848K, 0% used [0x00000000e0000000,0x00000000e0000000,0x00000000f4700000)
  from space 31232K, 99% used [0x00000000fca00000,0x00000000fe878bd8,0x00000000fe880000)
  to   space 30720K, 0% used [0x00000000f4700000,0x00000000f4700000,0x00000000f6500000)
 ParOldGen       total 171008K, used 86374K [0x00000000a0000000, 0x00000000aa700000, 0x00000000e0000000)
  object space 171008K, 50% used [0x00000000a0000000,0x00000000a5459b98,0x00000000aa700000)
 Metaspace       used 63368K, capacity 65078K, committed 65328K, reserved 1105920K
  class space    used 8069K, capacity 8425K, committed 8496K, reserved 1048576K
}
Event: 44.674 GC heap before
{Heap before GC invocations=22 (full 3):
 PSYoungGen      total 366080K, used 366050K [0x00000000e0000000, 0x00000000fe880000, 0x0000000100000000)
  eden space 334848K, 100% used [0x00000000e0000000,0x00000000f4700000,0x00000000f4700000)
  from space 31232K, 99% used [0x00000000fca00000,0x00000000fe878bd8,0x00000000fe880000)
  to   space 30720K, 0% used [0x00000000f4700000,0x00000000f4700000,0x00000000f6500000)
 ParOldGen       total 171008K, used 86374K [0x00000000a0000000, 0x00000000aa700000, 0x00000000e0000000)
  object space 171008K, 50% used [0x00000000a0000000,0x00000000a5459b98,0x00000000aa700000)
 Metaspace       used 63542K, capacity 65272K, committed 65584K, reserved 1105920K
  class space    used 8074K, capacity 8426K, committed 8496K, reserved 1048576K
Event: 44.837 GC heap after
Heap after GC invocations=22 (full 3):
 PSYoungGen      total 365568K, used 30715K [0x00000000e0000000, 0x00000000fe880000, 0x0000000100000000)
  eden space 334848K, 0% used [0x00000000e0000000,0x00000000e0000000,0x00000000f4700000)
  from space 30720K, 99% used [0x00000000f4700000,0x00000000f64fee90,0x00000000f6500000)
  to   space 31232K, 0% used [0x00000000fca00000,0x00000000fca00000,0x00000000fe880000)
 ParOldGen       total 171008K, used 129571K [0x00000000a0000000, 0x00000000aa700000, 0x00000000e0000000)
  object space 171008K, 75% used [0x00000000a0000000,0x00000000a7e88fc0,0x00000000aa700000)
 Metaspace       used 63542K, capacity 65272K, committed 65584K, reserved 1105920K
  class space    used 8074K, capacity 8426K, committed 8496K, reserved 1048576K
}
Event: 47.117 GC heap before
{Heap before GC invocations=23 (full 3):
 PSYoungGen      total 365568K, used 365563K [0x00000000e0000000, 0x00000000fe880000, 0x0000000100000000)
  eden space 334848K, 100% used [0x00000000e0000000,0x00000000f4700000,0x00000000f4700000)
  from space 30720K, 99% used [0x00000000f4700000,0x00000000f64fee90,0x00000000f6500000)
  to   space 31232K, 0% used [0x00000000fca00000,0x00000000fca00000,0x00000000fe880000)
 ParOldGen       total 171008K, used 129571K [0x00000000a0000000, 0x00000000aa700000, 0x00000000e0000000)
  object space 171008K, 75% used [0x00000000a0000000,0x00000000a7e88fc0,0x00000000aa700000)
 Metaspace       used 63721K, capacity 65464K, committed 65584K, reserved 1105920K
  class space    used 8075K, capacity 8426K, committed 8496K, reserved 1048576K
Event: 47.180 GC heap after
Heap after GC invocations=23 (full 3):
 PSYoungGen      total 433664K, used 17885K [0x00000000e0000000, 0x0000000100000000, 0x0000000100000000)
  eden space 402432K, 0% used [0x00000000e0000000,0x00000000e0000000,0x00000000f8900000)
  from space 31232K, 57% used [0x00000000fca00000,0x00000000fdb77748,0x00000000fe880000)
  to   space 60928K, 0% used [0x00000000f8900000,0x00000000f8900000,0x00000000fc480000)
 ParOldGen       total 171008K, used 149746K [0x00000000a0000000, 0x00000000aa700000, 0x00000000e0000000)
  object space 171008K, 87% used [0x00000000a0000000,0x00000000a923ca50,0x00000000aa700000)
 Metaspace       used 63721K, capacity 65464K, committed 65584K, reserved 1105920K
  class space    used 8075K, capacity 8426K, committed 8496K, reserved 1048576K
}
Event: 47.180 GC heap before
{Heap before GC invocations=24 (full 4):
 PSYoungGen      total 433664K, used 17885K [0x00000000e0000000, 0x0000000100000000, 0x0000000100000000)
  eden space 402432K, 0% used [0x00000000e0000000,0x00000000e0000000,0x00000000f8900000)
  from space 31232K, 57% used [0x00000000fca00000,0x00000000fdb77748,0x00000000fe880000)
  to   space 60928K, 0% used [0x00000000f8900000,0x00000000f8900000,0x00000000fc480000)
 ParOldGen       total 171008K, used 149746K [0x00000000a0000000, 0x00000000aa700000, 0x00000000e0000000)
  object space 171008K, 87% used [0x00000000a0000000,0x00000000a923ca50,0x00000000aa700000)
 Metaspace       used 63721K, capacity 65464K, committed 65584K, reserved 1105920K
  class space    used 8075K, capacity 8426K, committed 8496K, reserved 1048576K
Event: 47.749 GC heap after
Heap after GC invocations=24 (full 4):
 PSYoungGen      total 433664K, used 0K [0x00000000e0000000, 0x0000000100000000, 0x0000000100000000)
  eden space 402432K, 0% used [0x00000000e0000000,0x00000000e0000000,0x00000000f8900000)
  from space 31232K, 0% used [0x00000000fca00000,0x00000000fca00000,0x00000000fe880000)
  to   space 60928K, 0% used [0x00000000f8900000,0x00000000f8900000,0x00000000fc480000)
 ParOldGen       total 171008K, used 93596K [0x00000000a0000000, 0x00000000aa700000, 0x00000000e0000000)
  object space 171008K, 54% used [0x00000000a0000000,0x00000000a5b670d8,0x00000000aa700000)
 Metaspace       used 63713K, capacity 65440K, committed 65584K, reserved 1105920K
  class space    used 8073K, capacity 8422K, committed 8496K, reserved 1048576K
}

Deoptimization events (10 events):
Event: 47.874 Thread 0x00000000187e6800 Uncommon trap: reason=bimorphic action=maybe_recompile pc=0x0000000004e3a57c method=com.android.dx.ssa.NormalSsaInsn.accept(Lcom/android/dx/ssa/SsaInsn$Visitor;)V @ 9
Event: 48.200 Thread 0x00000000187eb000 Uncommon trap: reason=unstable_if action=reinterpret pc=0x0000000004a94734 method=com.android.dx.ssa.DeadCodeRemover.pruneDeadInstructions()V @ 49
Event: 48.342 Thread 0x00000000187eb000 Uncommon trap: reason=bimorphic action=maybe_recompile pc=0x0000000004a183f0 method=com.android.dx.ssa.SCCP.simulatePhi(Lcom/android/dx/ssa/PhiInsn;)V @ 124
Event: 48.396 Thread 0x00000000187ef800 Uncommon trap: reason=bimorphic action=maybe_recompile pc=0x0000000004a183f0 method=com.android.dx.ssa.SCCP.simulatePhi(Lcom/android/dx/ssa/PhiInsn;)V @ 124
Event: 48.451 Thread 0x00000000187ec800 Uncommon trap: reason=bimorphic action=maybe_recompile pc=0x0000000004a183f0 method=com.android.dx.ssa.SCCP.simulatePhi(Lcom/android/dx/ssa/PhiInsn;)V @ 124
Event: 48.893 Thread 0x00000000187ea800 Uncommon trap: reason=bimorphic action=maybe_recompile pc=0x0000000002c2d368 method=java.nio.file.attribute.FileTime.toMillis()J @ 15
Event: 48.894 Thread 0x00000000187ea800 Uncommon trap: reason=bimorphic action=maybe_recompile pc=0x0000000002c2d368 method=java.nio.file.attribute.FileTime.toMillis()J @ 15
Event: 48.894 Thread 0x00000000187ea800 Uncommon trap: reason=bimorphic action=maybe_recompile pc=0x0000000002c2d368 method=java.nio.file.attribute.FileTime.toMillis()J @ 15
Event: 48.894 Thread 0x00000000187ea800 Uncommon trap: reason=bimorphic action=maybe_recompile pc=0x0000000002c2d368 method=java.nio.file.attribute.FileTime.toMillis()J @ 15
Event: 48.898 Thread 0x00000000187ea800 Uncommon trap: reason=unstable_if action=reinterpret pc=0x0000000004e724e0 method=com.android.dx.ssa.DeadCodeRemover$NoSideEffectVisitor.visitPhiInsn(Lcom/android/dx/ssa/PhiInsn;)V @ 4

Internal exceptions (10 events):
Event: 30.882 Thread 0x0000000019006000 Implicit null exception at 0x0000000004120e18 to 0x000000000411ff45
Event: 30.882 Thread 0x0000000019006000 Implicit null exception at 0x0000000004120e18 to 0x000000000411ff45
Event: 30.904 Thread 0x0000000019006000 Implicit null exception at 0x0000000004120e18 to 0x000000000411ff45
Event: 32.322 Thread 0x0000000019006000 Implicit null exception at 0x0000000004181af3 to 0x0000000004185035
Event: 36.166 Thread 0x0000000019006000 Implicit null exception at 0x00000000044169fc to 0x0000000004417121
Event: 37.295 Thread 0x0000000019006000 Exception <a 'java/lang/NoSuchMethodError': <clinit>> (0x00000000e2d0a880) thrown at [C:\src\android\AOSP-openjdk\external\jetbrains\jdk\hotspot\src\share\vm\prims\jni.cpp, line 1591]
Event: 38.120 Thread 0x0000000019006000 Exception <a 'java/io/FileNotFoundException'> (0x00000000e118a978) thrown at [C:\src\android\AOSP-openjdk\external\jetbrains\jdk\hotspot\src\share\vm\prims\jni.cpp, line 709]
Event: 41.797 Thread 0x00000000187ef000 Implicit null exception at 0x0000000003b42422 to 0x0000000003b4251a
Event: 47.081 Thread 0x00000000187e6800 Implicit null exception at 0x0000000004455907 to 0x0000000004456f19
Event: 47.810 Thread 0x00000000187e6800 Implicit null exception at 0x000000000426df90 to 0x000000000426e961

Events (10 events):
Event: 48.935 Executing VM operation: RevokeBias
Event: 48.935 Executing VM operation: RevokeBias done
Event: 48.937 Executing VM operation: RevokeBias
Event: 48.937 Executing VM operation: RevokeBias done
Event: 48.952 Thread 0x00000000187ea800 DEOPT PACKING pc=0x0000000004e68549 sp=0x00000000274add70
Event: 48.952 Thread 0x00000000187ea800 DEOPT UNPACKING pc=0x00000000029575bf sp=0x00000000274adb00 mode 0
Event: 48.985 Thread 0x00000000187ef000 DEOPT PACKING pc=0x0000000004b4e125 sp=0x000000002b7aeab0
Event: 48.985 Thread 0x00000000187ef000 DEOPT UNPACKING pc=0x00000000029575bf sp=0x000000002b7ae8f0 mode 0
Event: 49.006 Thread 0x00000000187ea800 DEOPT PACKING pc=0x0000000004e68549 sp=0x00000000274add70
Event: 49.006 Thread 0x00000000187ea800 DEOPT UNPACKING pc=0x00000000029575bf sp=0x00000000274adb00 mode 0


Dynamic libraries:
0x00007ff730cf0000 - 0x00007ff730d21000 	C:\Program Files\Android\Android Studio\jre\bin\java.exe
0x00007ff9e68d0000 - 0x00007ff9e6aa1000 	C:\WINDOWS\SYSTEM32\ntdll.dll
0x00007ff9e66f0000 - 0x00007ff9e679b000 	C:\WINDOWS\System32\KERNEL32.DLL
0x00007ff9e2e80000 - 0x00007ff9e309d000 	C:\WINDOWS\System32\KERNELBASE.dll
0x00007ff9e45a0000 - 0x00007ff9e4642000 	C:\WINDOWS\System32\ADVAPI32.dll
0x00007ff9e4650000 - 0x00007ff9e46ee000 	C:\WINDOWS\System32\msvcrt.dll
0x00007ff9e6260000 - 0x00007ff9e62b9000 	C:\WINDOWS\System32\sechost.dll
0x00007ff9e67a0000 - 0x00007ff9e68c1000 	C:\WINDOWS\System32\RPCRT4.dll
0x00007ff9e6400000 - 0x00007ff9e6565000 	C:\WINDOWS\System32\USER32.dll
0x00007ff9e2e60000 - 0x00007ff9e2e7e000 	C:\WINDOWS\System32\win32u.dll
0x00007ff9e4180000 - 0x00007ff9e41b4000 	C:\WINDOWS\System32\GDI32.dll
0x00007ff9e32c0000 - 0x00007ff9e3442000 	C:\WINDOWS\System32\gdi32full.dll
0x00007ff9d4080000 - 0x00007ff9d42f9000 	C:\WINDOWS\WinSxS\amd64_microsoft.windows.common-controls_6595b64144ccf1df_6.0.14393.0_none_2d0f50fcbdb171b8\COMCTL32.dll
0x00007ff9e41c0000 - 0x00007ff9e4487000 	C:\WINDOWS\System32\combase.dll
0x00007ff9e3d60000 - 0x00007ff9e3e55000 	C:\WINDOWS\System32\ucrtbase.dll
0x00007ff9e3250000 - 0x00007ff9e32ba000 	C:\WINDOWS\System32\bcryptPrimitives.dll
0x00007ff9e6570000 - 0x00007ff9e659e000 	C:\WINDOWS\System32\IMM32.DLL
0x000000005aaf0000 - 0x000000005abc2000 	C:\Program Files\Android\Android Studio\jre\jre\bin\msvcr100.dll
0x0000000059cc0000 - 0x000000005a4f4000 	C:\Program Files\Android\Android Studio\jre\jre\bin\server\jvm.dll
0x00007ff9e4170000 - 0x00007ff9e4178000 	C:\WINDOWS\System32\PSAPI.DLL
0x00007ff9e1090000 - 0x00007ff9e10b3000 	C:\WINDOWS\SYSTEM32\WINMM.dll
0x00007ff9da140000 - 0x00007ff9da14a000 	C:\WINDOWS\SYSTEM32\VERSION.dll
0x00007ff9d2640000 - 0x00007ff9d2649000 	C:\WINDOWS\SYSTEM32\WSOCK32.dll
0x00007ff9e6190000 - 0x00007ff9e61fa000 	C:\WINDOWS\System32\WS2_32.dll
0x00007ff9e1030000 - 0x00007ff9e105b000 	C:\WINDOWS\SYSTEM32\WINMMBASE.dll
0x00007ff9e3200000 - 0x00007ff9e3242000 	C:\WINDOWS\System32\cfgmgr32.dll
0x00007ff9d8960000 - 0x00007ff9d896f000 	C:\Program Files\Android\Android Studio\jre\jre\bin\verify.dll
0x00007ff9cde00000 - 0x00007ff9cde29000 	C:\Program Files\Android\Android Studio\jre\jre\bin\java.dll
0x00007ff9d7130000 - 0x00007ff9d7146000 	C:\Program Files\Android\Android Studio\jre\jre\bin\zip.dll
0x00007ff9e4b20000 - 0x00007ff9e6028000 	C:\WINDOWS\System32\SHELL32.dll
0x00007ff9e3450000 - 0x00007ff9e3b2a000 	C:\WINDOWS\System32\windows.storage.dll
0x00007ff9e2d70000 - 0x00007ff9e2dbc000 	C:\WINDOWS\System32\powrprof.dll
0x00007ff9e6690000 - 0x00007ff9e66e2000 	C:\WINDOWS\System32\shlwapi.dll
0x00007ff9e2d50000 - 0x00007ff9e2d5f000 	C:\WINDOWS\System32\kernel.appcore.dll
0x00007ff9e30a0000 - 0x00007ff9e3149000 	C:\WINDOWS\System32\shcore.dll
0x00007ff9e2d30000 - 0x00007ff9e2d44000 	C:\WINDOWS\System32\profapi.dll
0x00007ff9cd0d0000 - 0x00007ff9cd0ea000 	C:\Program Files\Android\Android Studio\jre\jre\bin\net.dll
0x00007ff9e2400000 - 0x00007ff9e245c000 	C:\WINDOWS\system32\mswsock.dll
0x00007ff9ccca0000 - 0x00007ff9cccb1000 	C:\Program Files\Android\Android Studio\jre\jre\bin\nio.dll
0x00007ff9c72c0000 - 0x00007ff9c72d2000 	C:\Users\Philippe\.gradle\native\19\windows-amd64\native-platform.dll
0x00007ff9e2810000 - 0x00007ff9e2827000 	C:\WINDOWS\SYSTEM32\CRYPTSP.dll
0x00007ff9e2640000 - 0x00007ff9e2673000 	C:\WINDOWS\system32\rsaenh.dll
0x00007ff9e2910000 - 0x00007ff9e293b000 	C:\WINDOWS\SYSTEM32\bcrypt.dll
0x00007ff9e26e0000 - 0x00007ff9e26ff000 	C:\WINDOWS\SYSTEM32\USERENV.dll
0x00007ff9e2800000 - 0x00007ff9e280b000 	C:\WINDOWS\SYSTEM32\CRYPTBASE.dll
0x00007ff9e21b0000 - 0x00007ff9e21e8000 	C:\WINDOWS\SYSTEM32\IPHLPAPI.DLL
0x00007ff9e4590000 - 0x00007ff9e4598000 	C:\WINDOWS\System32\NSI.dll
0x00007ff9da540000 - 0x00007ff9da556000 	C:\WINDOWS\SYSTEM32\dhcpcsvc6.DLL
0x00007ff9dac40000 - 0x00007ff9dac5a000 	C:\WINDOWS\SYSTEM32\dhcpcsvc.DLL
0x00007ff9d8980000 - 0x00007ff9d898d000 	C:\Program Files\Android\Android Studio\jre\jre\bin\management.dll

VM Arguments:
jvm_args: -Xmx1536m -Dfile.encoding=windows-1252 -Duser.country=CA -Duser.language=en -Duser.variant 
java_command: org.gradle.launcher.daemon.bootstrap.GradleDaemon 2.14.1
java_class_path (initial): C:\Program Files\Android\Android Studio\gradle\gradle-2.14.1\lib\gradle-launcher-2.14.1.jar
Launcher Type: SUN_STANDARD

Environment Variables:
PATH=C:\Program Files\PHP\v7.0;C:\ProgramData\Oracle\Java\javapath;C:\Program Files (x86)\Lenovo\FusionEngine;C:\Program Files (x86)\Intel\iCLS Client\;C:\Program Files\Intel\iCLS Client\;C:\WINDOWS\system32;C:\WINDOWS;C:\WINDOWS\System32\Wbem;C:\WINDOWS\System32\WindowsPowerShell\v1.0\;C:\Program Files\Intel\Intel(R) Management Engine Components\DAL;C:\Program Files\Intel\Intel(R) Management Engine Components\IPT;C:\Program Files (x86)\Intel\Intel(R) Management Engine Components\DAL;C:\Program Files (x86)\Intel\Intel(R) Management Engine Components\IPT;C:\Program Files (x86)\Lenovo\Motion Control\;C:\Program Files\Microsoft SQL Server\110\Tools\Binn\;C:\Program Files (x86)\Windows Live\Shared;C:\Program Files (x86)\GtkSharp\2.12\bin;C:\Program Files (x86)\QuickTime\QTSystem\;C:\Program Files (x86)\Common Files\lenovo\easyplussdk\bin;C:\Program Files\Java\jdk1.8.0_60\bin;C:\Program Files (x86)\Skype\Phone\;C:\Program Files\Intel\WiFi\bin\;C:\Program Files\Common F;%SystemRoot%\system32;%SystemRoot%;%SystemRoot%\System32\Wbem;%SYSTEMROOT%\System32\WindowsPowerShell\v1.0\;C:\Program Files\Java\jdk1.8.0_60\bin;C:\Program Files\Intel\WiFi\bin\;C:\Program Files\Common Files\Intel\WirelessCommon\;%USERPROFILE%\AppData\Local\Microsoft\WindowsApps;
USERNAME=Phil
OS=Windows_NT
PROCESSOR_IDENTIFIER=Intel64 Family 6 Model 69 Stepping 1, GenuineIntel



---------------  S Y S T E M  ---------------

OS: Windows 10.0 , 64 bit Build 14393 (10.0.14393.0)

CPU:total 4 (2 cores per cpu, 2 threads per core) family 6 model 69 stepping 1, cmov, cx8, fxsr, mmx, sse, sse2, sse3, ssse3, sse4.1, sse4.2, popcnt, avx, avx2, aes, clmul, erms, lzcnt, ht, tsc, tscinvbit, bmi1, bmi2

Memory: 4k page, physical 8298776k(1001636k free), swap 10946780k(4576k free)

vm_info: OpenJDK 64-Bit Server VM (25.76-b03) for windows-amd64 JRE (1.8.0_76-release-b03), built on Jun 29 2016 19:09:20 by "ralucas" with MS VC++ 10.0 (VS2010)

time: Thu Sep 29 21:32:44 2016
elapsed time: 49 seconds (0d 0h 0m 49s)

